<?xml version="1.0" encoding="UTF-8"?>
<!-- Generated by org.testng.reporters.JUnitReportReporter -->
<testsuite hostname="DESKTOP-G5H9F34" failures="0" tests="3" name="com.pages.ExecutionClass" time="91.038" errors="0" timestamp="2025-03-09T18:50:42 IST" skipped="0">
  <testcase classname="com.pages.ExecutionClass" name="signupNew" time="34.010"/>
  <system-out/>
  <testcase classname="com.pages.ExecutionClass" name="login" time="27.232"/>
  <system-out/>
  <testcase classname="com.pages.ExecutionClass" name="checkout" time="29.796"/>
  <system-out/>
</testsuite> <!-- com.pages.ExecutionClass -->
