<?xml version="1.0" encoding="UTF-8"?>
<!-- Generated by org.testng.reporters.JUnitReportReporter -->
<testsuite hostname="DESKTOP-G5H9F34" failures="0" tests="5" name="com.scenario1.OHRM_DDT" time="57.147" errors="0" timestamp="2025-03-07T20:06:29 IST" skipped="0">
  <testcase classname="com.scenario1.OHRM_DDT" name="Ohrmlogin" time="17.244"/>
  <system-out/>
  <testcase classname="com.scenario1.OHRM_DDT" name="Ohrmlogin" time="9.066"/>
  <system-out/>
  <testcase classname="com.scenario1.OHRM_DDT" name="Ohrmlogin" time="11.724"/>
  <system-out/>
  <testcase classname="com.scenario1.OHRM_DDT" name="Ohrmlogin" time="9.627"/>
  <system-out/>
  <testcase classname="com.scenario1.OHRM_DDT" name="Ohrmlogin" time="9.486"/>
  <system-out/>
</testsuite> <!-- com.scenario1.OHRM_DDT -->
